<?xml version="1.0" encoding="UTF-8"?>
<!-- Generated by org.testng.reporters.JUnitXMLReporter -->
<testsuite ignored="0" hostname="viautomate" failures="0" tests="1" name="Surefire test" time="27.916" errors="0" timestamp="2026-01-08T13:31:02 IST">
  <testcase classname="com.telecom.tests.DataUsageTest" name="@BeforeClass setUp" time="27.876">
    <failure type="org.openqa.selenium.SessionNotCreatedException" message="Could not start a new session. Response code 500. Message: Error executing adbExec. Original error: &amp;apos;Command &amp;apos;&amp;apos;C:\Users\Administrator\AppData\Local\Android\Sdk\platform-tools\adb.exe&amp;apos; -P 5037 -s 100.119.228.107\:45163 install -g &amp;apos;C:\Users\Administrator\.appium\node_modules\appium-uiautomator2-driver\node_modules\io.appium.settings\apks\settings_apk-debug.apk&amp;apos;&amp;apos; exited with code 1&amp;apos;; Command output: adb.exe: device offline
 
Host info: host: &amp;apos;VIAUTOMATE&amp;apos;, ip: &amp;apos;100.102.180.112&amp;apos;
Build info: version: &amp;apos;4.13.0&amp;apos;, revision: &amp;apos;ba948ece5b*&amp;apos;
System info: os.name: &amp;apos;Windows Server 2022&amp;apos;, os.arch: &amp;apos;amd64&amp;apos;, os.version: &amp;apos;10.0&amp;apos;, java.version: &amp;apos;21.0.8&amp;apos;
Driver info: io.appium.java_client.android.AndroidDriver
Command: [null, newSession {capabilities=[{appium:allowInsecure=adb_shell, appium:systemPort=8200, appium:skipServerInstallation=true, appium:newCommandTimeout=300, appium:nativeWebScreenshot=true, appium:enforceAppInstall=false, appium:automationName=UiAutomator2, appium:fullReset=false, appium:skipDeviceInitialization=false, appium:platformVersion=15, appium:noReset=true, appium:udid=100.119.228.107:45163, appium:autoGrantPermissions=true, appium:relaxedSecurityEnabled=true, appium:adbExecTimeout=120000, appium:connectHardwareKeyboard=true, appium:ignoreHiddenApiPolicyError=true, appium:disableWindowAnimation=true, appium:appActivity=com.google.android.dialer.extensions.GoogleDialtactsActivity, appium:deviceName=moto g85 5G, platformName=ANDROID, appium:appPackage=com.google.android.dialer, appium:ensureWebviewsHavePages=true}], desiredCapabilities=Capabilities {appium:adbExecTimeout: 120000, appium:allowInsecure: adb_shell, appium:appActivity: com.google.android.dialer.e..., appium:appPackage: com.google.android.dialer, appium:autoGrantPermissions: true, appium:automationName: UiAutomator2, appium:connectHardwareKeyboard: true, appium:deviceName: moto g85 5G, appium:disableWindowAnimation: true, appium:enforceAppInstall: false, appium:ensureWebviewsHavePages: true, appium:fullReset: false, appium:ignoreHiddenApiPolicyError: true, appium:nativeWebScreenshot: true, appium:newCommandTimeout: 300, appium:noReset: true, appium:platformVersion: 15, appium:relaxedSecurityEnabled: true, appium:skipDeviceInitialization: false, appium:skipServerInstallation: true, appium:systemPort: 8200, appium:udid: 100.119.228.107:45163, platformName: ANDROID}}]
Capabilities {appium:adbExecTimeout: 120000, appium:allowInsecure: adb_shell, appium:appActivity: com.google.android.dialer.e..., appium:appPackage: com.google.android.dialer, appium:autoGrantPermissions: true, appium:automationName: UiAutomator2, appium:connectHardwareKeyboard: true, appium:deviceName: moto g85 5G, appium:disableWindowAnimation: true, appium:enforceAppInstall: false, appium:ensureWebviewsHavePages: true, appium:fullReset: false, appium:ignoreHiddenApiPolicyError: true, appium:nativeWebScreenshot: true, appium:newCommandTimeout: 300, appium:noReset: true, appium:platformVersion: 15, appium:relaxedSecurityEnabled: true, appium:skipDeviceInitialization: false, appium:skipServerInstallation: true, appium:systemPort: 8200, appium:udid: 100.119.228.107:45163, platformName: ANDROID}">
      <![CDATA[org.openqa.selenium.SessionNotCreatedException: Could not start a new session. Response code 500. Message: Error executing adbExec. Original error: 'Command ''C:\Users\Administrator\AppData\Local\Android\Sdk\platform-tools\adb.exe' -P 5037 -s 100.119.228.107\:45163 install -g 'C:\Users\Administrator\.appium\node_modules\appium-uiautomator2-driver\node_modules\io.appium.settings\apks\settings_apk-debug.apk'' exited with code 1'; Command output: adb.exe: device offline
 
Host info: host: 'VIAUTOMATE', ip: '100.102.180.112'
Build info: version: '4.13.0', revision: 'ba948ece5b*'
System info: os.name: 'Windows Server 2022', os.arch: 'amd64', os.version: '10.0', java.version: '21.0.8'
Driver info: io.appium.java_client.android.AndroidDriver
Command: [null, newSession {capabilities=[{appium:allowInsecure=adb_shell, appium:systemPort=8200, appium:skipServerInstallation=true, appium:newCommandTimeout=300, appium:nativeWebScreenshot=true, appium:enforceAppInstall=false, appium:automationName=UiAutomator2, appium:fullReset=false, appium:skipDeviceInitialization=false, appium:platformVersion=15, appium:noReset=true, appium:udid=100.119.228.107:45163, appium:autoGrantPermissions=true, appium:relaxedSecurityEnabled=true, appium:adbExecTimeout=120000, appium:connectHardwareKeyboard=true, appium:ignoreHiddenApiPolicyError=true, appium:disableWindowAnimation=true, appium:appActivity=com.google.android.dialer.extensions.GoogleDialtactsActivity, appium:deviceName=moto g85 5G, platformName=ANDROID, appium:appPackage=com.google.android.dialer, appium:ensureWebviewsHavePages=true}], desiredCapabilities=Capabilities {appium:adbExecTimeout: 120000, appium:allowInsecure: adb_shell, appium:appActivity: com.google.android.dialer.e..., appium:appPackage: com.google.android.dialer, appium:autoGrantPermissions: true, appium:automationName: UiAutomator2, appium:connectHardwareKeyboard: true, appium:deviceName: moto g85 5G, appium:disableWindowAnimation: true, appium:enforceAppInstall: false, appium:ensureWebviewsHavePages: true, appium:fullReset: false, appium:ignoreHiddenApiPolicyError: true, appium:nativeWebScreenshot: true, appium:newCommandTimeout: 300, appium:noReset: true, appium:platformVersion: 15, appium:relaxedSecurityEnabled: true, appium:skipDeviceInitialization: false, appium:skipServerInstallation: true, appium:systemPort: 8200, appium:udid: 100.119.228.107:45163, platformName: ANDROID}}]
Capabilities {appium:adbExecTimeout: 120000, appium:allowInsecure: adb_shell, appium:appActivity: com.google.android.dialer.e..., appium:appPackage: com.google.android.dialer, appium:autoGrantPermissions: true, appium:automationName: UiAutomator2, appium:connectHardwareKeyboard: true, appium:deviceName: moto g85 5G, appium:disableWindowAnimation: true, appium:enforceAppInstall: false, appium:ensureWebviewsHavePages: true, appium:fullReset: false, appium:ignoreHiddenApiPolicyError: true, appium:nativeWebScreenshot: true, appium:newCommandTimeout: 300, appium:noReset: true, appium:platformVersion: 15, appium:relaxedSecurityEnabled: true, appium:skipDeviceInitialization: false, appium:skipServerInstallation: true, appium:systemPort: 8200, appium:udid: 100.119.228.107:45163, platformName: ANDROID}
at org.openqa.selenium.remote.ProtocolHandshake.createSession(ProtocolHandshake.java:140)
at io.appium.java_client.remote.AppiumProtocolHandshake.createSession(AppiumProtocolHandshake.java:133)
at io.appium.java_client.remote.AppiumProtocolHandshake.createSession(AppiumProtocolHandshake.java:102)
at io.appium.java_client.remote.AppiumCommandExecutor.createSession(AppiumCommandExecutor.java:182)
at io.appium.java_client.remote.AppiumCommandExecutor.execute(AppiumCommandExecutor.java:250)
at org.openqa.selenium.remote.RemoteWebDriver.execute(RemoteWebDriver.java:602)
at io.appium.java_client.AppiumDriver.startSession(AppiumDriver.java:274)
at org.openqa.selenium.remote.RemoteWebDriver.<init>(RemoteWebDriver.java:163)
at io.appium.java_client.AppiumDriver.<init>(AppiumDriver.java:89)
at io.appium.java_client.AppiumDriver.<init>(AppiumDriver.java:101)
at io.appium.java_client.android.AndroidDriver.<init>(AndroidDriver.java:113)
at com.telecom.driver.DriverManager.initializeDriver(DriverManager.java:318)
at com.telecom.tests.DataUsageTest.setUp(DataUsageTest.java:32)
at java.base/java.util.ArrayList.forEach(ArrayList.java:1596)
... Removed 30 stack frames]]>
    </failure>
  </testcase> <!-- @BeforeClass setUp -->
  <testcase classname="com.telecom.tests.DataUsageTest" name="@AfterClass tearDown" time="0.0">
    <skipped/>
  </testcase> <!-- @AfterClass tearDown -->
  <testcase classname="com.telecom.tests.DataUsageTest" name="executeDataUsageTests" time="0.0">
    <skipped/>
  </testcase> <!-- executeDataUsageTests -->
</testsuite> <!-- Surefire test -->
